\BOOKMARK [0][-]{section*.1}{\376\377\000A\000c\000k\000n\000o\000w\000l\000e\000d\000g\000m\000e\000n\000t}{}% 1
\BOOKMARK [0][-]{section*.3}{\376\377\000C\000o\000n\000t\000e\000n\000t\000s}{}% 2
\BOOKMARK [0][-]{section*.5}{\376\377\000L\000i\000s\000t\000\040\000o\000f\000\040\000F\000i\000g\000u\000r\000e\000s}{}% 3
\BOOKMARK [0][-]{section*.7}{\376\377\000L\000i\000s\000t\000\040\000o\000f\000\040\000T\000a\000b\000l\000e\000s}{}% 4
\BOOKMARK [0][-]{section*.9}{\376\377\000I\000n\000t\000r\000o\000d\000u\000c\000t\000i\000o\000n}{}% 5
\BOOKMARK [0][-]{chapter.1}{\376\377\000E\000v\000a\000l\000u\000a\000t\000i\000o\000n\000\040\000o\000f\000\040\000t\000e\000m\000p\000e\000r\000a\000t\000u\000r\000e\000\040\000e\000f\000f\000e\000c\000t\000s\000\040\000o\000n\000\040\000A\000S\000I\000C\000\040\000p\000e\000r\000f\000o\000r\000m\000a\000n\000c\000e}{}% 6
\BOOKMARK [1][-]{section.1.1}{\376\377\000T\000e\000s\000t\000\040\000s\000e\000t\000u\000p\000\040\000d\000e\000s\000c\000r\000i\000p\000t\000i\000o\000n\000\040\000a\000n\000d\000\040\000c\000h\000a\000r\000a\000c\000t\000e\000r\000i\000s\000a\000t\000i\000o\000n\000\040\000p\000r\000o\000c\000e\000s\000s}{chapter.1}% 7
\BOOKMARK [1][-]{section.1.2}{\376\377\000C\000u\000r\000r\000e\000n\000t\000\040\000r\000e\000f\000e\000r\000e\000n\000c\000e}{chapter.1}% 8
\BOOKMARK [1][-]{section.1.3}{\376\377\000I\000n\000p\000u\000t\000-\000o\000u\000t\000p\000u\000t\000\040\000c\000h\000a\000n\000n\000e\000l\000\040\000t\000r\000a\000n\000s\000-\000c\000h\000a\000r\000a\000c\000t\000e\000r\000i\000s\000t\000i\000c}{chapter.1}% 9
\BOOKMARK [1][-]{section.1.4}{\376\377\000G\000l\000o\000b\000a\000l\000\040\000t\000h\000r\000e\000s\000h\000o\000l\000d\000\040\000v\000o\000l\000t\000a\000g\000e}{chapter.1}% 10
\BOOKMARK [1][-]{section.1.5}{\376\377\000E\000q\000u\000i\000v\000a\000l\000e\000n\000t\000\040\000N\000o\000i\000s\000e\000\040\000C\000h\000a\000r\000g\000e\000\040\000\050\000E\000N\000C\000\051\000\040\000a\000t\000\040\000-\0004\0000\000\040\000\260\000C}{chapter.1}% 11
\BOOKMARK [2][-]{subsection.1.5.1}{\376\377\000S\000a\000m\000p\000l\000e\000d\000\040\000p\000e\000d\000e\000s\000t\000a\000l\000\040\000p\000r\000o\000c\000e\000s\000s\000i\000n\000g}{section.1.5}% 12
\BOOKMARK [2][-]{subsection.1.5.2}{\376\377\000E\000v\000a\000l\000u\000a\000t\000i\000o\000n\000\040\000o\000f\000\040\000d\000e\000t\000e\000r\000m\000i\000n\000i\000s\000t\000i\000c\000\040\000i\000n\000t\000e\000r\000f\000e\000r\000e\000n\000c\000e}{section.1.5}% 13
\BOOKMARK [2][-]{subsection.1.5.3}{\376\377\000P\000e\000d\000e\000s\000t\000a\000l\000\040\000w\000i\000t\000h\000o\000u\000t\000\040\000e\000x\000t\000e\000r\000n\000a\000l\000\040\000i\000n\000t\000e\000r\000f\000e\000r\000e\000n\000c\000e}{section.1.5}% 14
\BOOKMARK [2][-]{subsection.1.5.4}{\376\377\000W\000e\000i\000g\000h\000t\000e\000d\000\040\000e\000x\000t\000e\000r\000n\000a\000l\000\040\000i\000n\000t\000e\000r\000f\000e\000r\000e\000n\000c\000e}{section.1.5}% 15
\BOOKMARK [2][-]{subsection.1.5.5}{\376\377\000P\000e\000d\000e\000s\000t\000a\000l\000\040\000w\000i\000t\000h\000o\000u\000t\000\040\000w\000e\000i\000g\000h\000e\000d\000\040\000e\000x\000t\000e\000r\000n\000a\000l\000\040\000i\000n\000t\000e\000r\000f\000e\000r\000e\000n\000c\000e}{section.1.5}% 16
\BOOKMARK [0][-]{chapter.2}{\376\377\000S\000i\000\050\000L\000i\000\051\000\040\000t\000r\000a\000c\000k\000e\000r\000\040\000f\000l\000i\000g\000h\000t\000\040\000c\000o\000m\000p\000o\000n\000e\000n\000t\000s\000\040\000v\000a\000l\000i\000d\000a\000t\000i\000o\000n}{}% 17
\BOOKMARK [1][-]{section.2.1}{\376\377\000F\000r\000o\000n\000t\000-\000E\000n\000d\000\040\000B\000o\000a\000r\000d\000\040\000\050\000F\000E\000B\000\051}{chapter.2}% 18
\BOOKMARK [2][-]{subsection.2.1.1}{\376\377\000V\000i\000s\000u\000a\000l\000\040\000i\000n\000s\000p\000e\000c\000t\000i\000o\000n}{section.2.1}% 19
\BOOKMARK [2][-]{subsection.2.1.2}{\376\377\000B\000i\000a\000s}{section.2.1}% 20
\BOOKMARK [2][-]{subsection.2.1.3}{\376\377\000D\000i\000g\000i\000t\000a\000l}{section.2.1}% 21
\BOOKMARK [2][-]{subsection.2.1.4}{\376\377\000A\000n\000a\000l\000o\000g}{section.2.1}% 22
\BOOKMARK [2][-]{subsection.2.1.5}{\376\377\000G\000A\000P\000S\000-\000F\000E\000B\000-\000R\000e\000p\000o\000r\000t\000-\000G\000e\000n\000e\000r\000a\000t\000o\000r}{section.2.1}% 23
\BOOKMARK [2][-]{subsection.2.1.6}{\376\377\000A\000n\000a\000l\000y\000s\000i\000s\000\040\000o\000f\000\040\000t\000e\000s\000t\000\040\000r\000e\000s\000u\000l\000t\000s}{section.2.1}% 24
\BOOKMARK [1][-]{section.2.2}{\376\377\000D\000u\000m\000m\000y\000-\0001\000\040\000f\000r\000o\000n\000t\000-\000e\000n\000d\000\040\000b\000o\000a\000r\000d}{chapter.2}% 25
\BOOKMARK [2][-]{subsection.2.2.1}{\376\377\000V\000i\000s\000u\000a\000l\000\040\000i\000n\000s\000p\000e\000c\000t\000i\000o\000n}{section.2.2}% 26
\BOOKMARK [2][-]{subsection.2.2.2}{\376\377\000T\000h\000e\000r\000m\000a\000l\000\040\000t\000e\000s\000t}{section.2.2}% 27
\BOOKMARK [2][-]{subsection.2.2.3}{\376\377\000P\000o\000w\000e\000r\000\040\000t\000e\000s\000t}{section.2.2}% 28
\BOOKMARK [2][-]{subsection.2.2.4}{\376\377\000B\000i\000a\000s\000\040\000a\000n\000d\000\040\000D\000i\000g\000i\000t\000a\000l}{section.2.2}% 29
\BOOKMARK [2][-]{subsection.2.2.5}{\376\377\000T\000e\000s\000t\000\040\000r\000e\000s\000u\000l\000t\000s}{section.2.2}% 30
\BOOKMARK [1][-]{section.2.3}{\376\377\000F\000l\000e\000x\000-\000R\000i\000g\000i\000d\000\040\000B\000o\000a\000r\000d}{chapter.2}% 31
\BOOKMARK [2][-]{subsection.2.3.1}{\376\377\000V\000i\000s\000u\000a\000l\000\040\000i\000n\000s\000p\000e\000c\000t\000i\000o\000n}{section.2.3}% 32
\BOOKMARK [2][-]{subsection.2.3.2}{\376\377\000T\000h\000e\000r\000m\000a\000l\000\040\000c\000y\000c\000l\000e}{section.2.3}% 33
\BOOKMARK [2][-]{subsection.2.3.3}{\376\377\000C\000o\000m\000m\000u\000n\000i\000c\000a\000t\000i\000o\000n\000\040\000t\000e\000s\000t}{section.2.3}% 34
\BOOKMARK [1][-]{section.2.4}{\376\377\000C\000o\000n\000n\000e\000c\000t\000o\000r\000\040\000f\000o\000r\000\040\000t\000e\000r\000m\000i\000n\000a\000t\000i\000o\000n}{chapter.2}% 35
\BOOKMARK [2][-]{subsection.2.4.1}{\376\377\000V\000i\000s\000u\000a\000l\000\040\000i\000n\000s\000p\000e\000c\000t\000i\000o\000n}{section.2.4}% 36
\BOOKMARK [2][-]{subsection.2.4.2}{\376\377\000T\000h\000e\000r\000m\000a\000l\000\040\000c\000y\000c\000l\000e}{section.2.4}% 37
\BOOKMARK [2][-]{subsection.2.4.3}{\376\377\000T\000e\000r\000m\000i\000n\000a\000t\000i\000o\000n\000\040\000r\000e\000s\000i\000s\000t\000o\000r\000\040\000s\000o\000l\000d\000e\000r\000i\000n\000g}{section.2.4}% 38
\BOOKMARK [1][-]{section.2.5}{\376\377\000F\000r\000o\000n\000t\000-\000e\000n\000d\000\040\000b\000o\000a\000r\000d\000\040\000s\000h\000i\000e\000l\000d\000s}{chapter.2}% 39
\BOOKMARK [2][-]{subsection.2.5.1}{\376\377\000V\000i\000s\000u\000a\000l\000\040\000i\000n\000s\000p\000e\000c\000t\000i\000o\000n}{section.2.5}% 40
\BOOKMARK [2][-]{subsection.2.5.2}{\376\377\000T\000h\000e\000r\000m\000a\000l\000\040\000c\000y\000c\000l\000e}{section.2.5}% 41
\BOOKMARK [0][-]{chapter.3}{\376\377\000X\000-\000r\000a\000y\000\040\000a\000n\000d\000\040\000p\000a\000r\000t\000i\000c\000l\000e\000\040\000d\000e\000t\000e\000c\000t\000i\000o\000n\000\040\000w\000i\000t\000h\000\040\000a\000n\000\040\000a\000s\000s\000e\000m\000b\000l\000e\000d\000\040\000S\000i\000\050\000L\000i\000\051\000\040\000t\000r\000a\000c\000k\000e\000r\000\040\000m\000o\000d\000u\000l\000e}{}% 42
\BOOKMARK [1][-]{section.3.1}{\376\377\000C\000o\000s\000m\000i\000c\000\040\000m\000u\000o\000n\000s}{chapter.3}% 43
\BOOKMARK [1][-]{section.3.2}{\376\377\000E\000x\000p\000e\000r\000i\000m\000e\000n\000t\000\040\000s\000e\000t\000u\000p}{chapter.3}% 44
\BOOKMARK [2][-]{subsection.3.2.1}{\376\377\000A\000r\000d\000u\000S\000i\000P\000M}{section.3.2}% 45
\BOOKMARK [2][-]{subsection.3.2.2}{\376\377\000S\000i\000\050\000L\000i\000\051\000\040\000t\000r\000a\000c\000k\000e\000r\000\040\000m\000o\000d\000u\000l\000e}{section.3.2}% 46
\BOOKMARK [1][-]{section.3.3}{\376\377\000E\000x\000p\000e\000r\000i\000m\000e\000n\000t\000a\000l\000\040\000r\000e\000s\000u\000l\000t\000s}{chapter.3}% 47
\BOOKMARK [2][-]{subsection.3.3.1}{\376\377\000M\000o\000d\000u\000l\000e\000\040\000c\000h\000a\000r\000a\000c\000t\000e\000r\000i\000s\000a\000t\000i\000o\000n}{section.3.3}% 48
\BOOKMARK [2][-]{subsection.3.3.2}{\376\377\000X\000-\000r\000a\000y\000\040\000d\000e\000t\000e\000c\000t\000i\000o\000n}{section.3.3}% 49
\BOOKMARK [2][-]{subsection.3.3.3}{\376\377\000C\000o\000s\000m\000i\000c\000\040\000m\000u\000o\000n\000\040\000d\000e\000t\000e\000c\000t\000i\000o\000n}{section.3.3}% 50
\BOOKMARK [0][-]{section*.100}{\376\377\000C\000o\000n\000c\000l\000u\000s\000i\000o\000n\000s}{}% 51
\BOOKMARK [0][-]{appendix.A}{\376\377\000T\000h\000e\000\040\000G\000A\000P\000S\000\040\000e\000x\000p\000e\000r\000i\000m\000e\000n\000t}{}% 52
\BOOKMARK [1][-]{section.A.1}{\376\377\000T\000h\000e\000\040\000D\000a\000r\000k\000\040\000M\000a\000t\000t\000e\000r\000\040\000u\000n\000s\000o\000l\000v\000e\000d\000\040\000i\000s\000s\000u\000e}{appendix.A}% 53
\BOOKMARK [1][-]{section.A.2}{\376\377\000T\000h\000e\000\040\000G\000A\000P\000S\000\040\000e\000x\000p\000e\000r\000i\000m\000e\000n\000t}{appendix.A}% 54
\BOOKMARK [1][-]{section.A.3}{\376\377\000G\000A\000P\000S\000\040\000f\000r\000o\000n\000t\000-\000e\000n\000d}{appendix.A}% 55
\BOOKMARK [2][-]{subsection.A.3.1}{\376\377\000I\000n\000j\000e\000c\000t\000i\000o\000n\000\040\000c\000i\000r\000c\000u\000i\000t}{section.A.3}% 56
\BOOKMARK [2][-]{subsection.A.3.2}{\376\377\000C\000h\000a\000r\000g\000e\000\040\000S\000e\000n\000s\000i\000t\000i\000v\000e\000\040\000A\000m\000p\000l\000i\000f\000i\000e\000r\000\040\000w\000i\000t\000h\000\040\000d\000y\000n\000a\000m\000i\000c\000\040\000s\000i\000g\000n\000a\000l\000\040\000c\000o\000m\000p\000r\000e\000s\000s\000i\000o\000n}{section.A.3}% 57
\BOOKMARK [2][-]{subsection.A.3.3}{\376\377\000T\000i\000m\000e\000-\000i\000n\000v\000a\000r\000i\000a\000n\000t\000\040\000f\000i\000l\000t\000e\000r\000\040\000\050\000C\000R\000-\000\050\000R\000C\000\051\0002\000\051}{section.A.3}% 58
\BOOKMARK [2][-]{subsection.A.3.4}{\376\377\000T\000h\000r\000e\000s\000h\000o\000l\000d\000\040\000G\000e\000n\000e\000r\000a\000t\000o\000r\000\040\000a\000n\000d\000\040\000S\000O\000T\000\040\000c\000o\000m\000p\000a\000r\000a\000t\000o\000r}{section.A.3}% 59
\BOOKMARK [2][-]{subsection.A.3.5}{\376\377\000A\000c\000t\000i\000v\000e\000\040\000C\000R\000\040\000d\000i\000f\000f\000e\000r\000e\000n\000t\000i\000a\000t\000o\000r\000\040\000a\000n\000d\000\040\000Z\000e\000r\000o\000\040\000C\000r\000o\000s\000s\000i\000n\000g\000\040\000c\000o\000m\000p\000a\000r\000a\000t\000o\000r\000\040\000\050\000Z\000C\000\051}{section.A.3}% 60
\BOOKMARK [2][-]{subsection.A.3.6}{\376\377\000S\000i\000n\000g\000l\000e\000-\000e\000n\000d\000e\000d\000\040\000t\000o\000\040\000d\000i\000f\000f\000e\000r\000e\000n\000t\000i\000a\000l\000\040\000S\000\046\000H}{section.A.3}% 61
\BOOKMARK [0][-]{appendix.B}{\376\377\000S\000i\000\050\000L\000i\000\051\000\040\000t\000r\000a\000c\000k\000e\000r\000\040\000f\000l\000i\000g\000h\000t\000\040\000c\000o\000m\000p\000o\000n\000e\000n\000t\000s\000\040\000t\000e\000s\000t\000\040\000r\000e\000p\000o\000r\000t\000s}{}% 62
\BOOKMARK [0][-]{appendix.C}{\376\377\000E\000x\000t\000e\000r\000n\000a\000l\000\040\000t\000r\000i\000g\000g\000e\000r\000\040\000d\000a\000t\000a\000\040\000a\000c\000q\000u\000i\000s\000i\000t\000i\000o\000n\000:\000\040\0003\0002\000-\000c\000h\000a\000n\000n\000e\000l\000s\000\040\000v\000i\000e\000w}{}% 63
\BOOKMARK [0][-]{appendix.D}{\376\377\000S\000c\000h\000e\000m\000a\000t\000i\000c\000s}{}% 64
\BOOKMARK [0][-]{section*.112}{\376\377\000B\000i\000b\000l\000i\000o\000g\000r\000a\000p\000h\000y}{}% 65
